Copyright 1986-2019 Xilinx, Inc. All Rights Reserved.
--------------------------------------------------------------------------------------------------------------------------------------------------------------------------
| Tool Version : Vivado v.2019.2 (win64) Build 2708876 Wed Nov  6 21:40:23 MST 2019
| Date         : Fri Nov 13 17:29:03 2020
| Host         : DESKTOP-B3RT09T running 64-bit major release  (build 9200)
| Command      : report_methodology -file Ethernet_Top_methodology_drc_routed.rpt -pb Ethernet_Top_methodology_drc_routed.pb -rpx Ethernet_Top_methodology_drc_routed.rpx
| Design       : Ethernet_Top
| Device       : xc7a200tfbg676-2
| Speed File   : -2
| Design State : Fully Routed
--------------------------------------------------------------------------------------------------------------------------------------------------------------------------

Report Methodology

Table of Contents
-----------------
1. REPORT SUMMARY
2. REPORT DETAILS

1. REPORT SUMMARY
-----------------
            Netlist: netlist
          Floorplan: design_1
      Design limits: <entire design considered>
             Max violations: <unlimited>
             Violations found: 21
+-----------+------------------+---------------------------------------------------+------------+
| Rule      | Severity         | Description                                       | Violations |
+-----------+------------------+---------------------------------------------------+------------+
| TIMING-6  | Critical Warning | No common primary clock between related clocks    | 1          |
| TIMING-7  | Critical Warning | No common node between related clocks             | 1          |
| LUTAR-1   | Warning          | LUT drives async reset alert                      | 5          |
| TIMING-18 | Warning          | Missing input or output delay                     | 12         |
| TIMING-20 | Warning          | Non-clocked latch                                 | 1          |
| XDCC-2    | Warning          | Scoped Non-Timing constraint/property overwritten | 1          |
+-----------+------------------+---------------------------------------------------+------------+

2. REPORT DETAILS
-----------------
TIMING-6#1 Critical Warning
No common primary clock between related clocks  
The clocks clk_out1_clk_gen and RGMII_RXC are related (timed together) but they have no common primary clock. The design could fail in hardware. To find a timing path between these clocks, run the following command: report_timing -from [get_clocks clk_out1_clk_gen] -to [get_clocks RGMII_RXC]
Related violations: <none>

TIMING-7#1 Critical Warning
No common node between related clocks  
The clocks clk_out1_clk_gen and RGMII_RXC are related (timed together) but they have no common node. The design could fail in hardware. To find a timing path between these clocks, run the following command: report_timing -from [get_clocks clk_out1_clk_gen] -to [get_clocks RGMII_RXC]
Related violations: <none>

LUTAR-1#1 Warning
LUT drives async reset alert  
LUT cell ethernet_test_inst/arbi_inst/rx_buffer_inst/rx_fifo/U0/inst_fifo_gen/gconvfifo.rf/grf.rf/rstblk/DEVICE_7SERIES.NO_BMM_INFO.SDP.SIMPLE_PRIM36.ram_i_3, with 2 or more inputs, drives asynchronous preset/clear pin(s) ethernet_test_inst/arbi_inst/rx_buffer_inst/rx_fifo/U0/inst_fifo_gen/gconvfifo.rf/grf.rf/gntv_or_sync_fifo.gl0.rd/grss.gdc.dc/gsym_dc.dc/count_reg[0]/CLR, ethernet_test_inst/arbi_inst/rx_buffer_inst/rx_fifo/U0/inst_fifo_gen/gconvfifo.rf/grf.rf/gntv_or_sync_fifo.gl0.rd/grss.gdc.dc/gsym_dc.dc/count_reg[10]/CLR, ethernet_test_inst/arbi_inst/rx_buffer_inst/rx_fifo/U0/inst_fifo_gen/gconvfifo.rf/grf.rf/gntv_or_sync_fifo.gl0.rd/grss.gdc.dc/gsym_dc.dc/count_reg[11]/CLR, ethernet_test_inst/arbi_inst/rx_buffer_inst/rx_fifo/U0/inst_fifo_gen/gconvfifo.rf/grf.rf/gntv_or_sync_fifo.gl0.rd/grss.gdc.dc/gsym_dc.dc/count_reg[1]/CLR, ethernet_test_inst/arbi_inst/rx_buffer_inst/rx_fifo/U0/inst_fifo_gen/gconvfifo.rf/grf.rf/gntv_or_sync_fifo.gl0.rd/grss.gdc.dc/gsym_dc.dc/count_reg[2]/CLR, ethernet_test_inst/arbi_inst/rx_buffer_inst/rx_fifo/U0/inst_fifo_gen/gconvfifo.rf/grf.rf/gntv_or_sync_fifo.gl0.rd/grss.gdc.dc/gsym_dc.dc/count_reg[3]/CLR, ethernet_test_inst/arbi_inst/rx_buffer_inst/rx_fifo/U0/inst_fifo_gen/gconvfifo.rf/grf.rf/gntv_or_sync_fifo.gl0.rd/grss.gdc.dc/gsym_dc.dc/count_reg[4]/CLR, ethernet_test_inst/arbi_inst/rx_buffer_inst/rx_fifo/U0/inst_fifo_gen/gconvfifo.rf/grf.rf/gntv_or_sync_fifo.gl0.rd/grss.gdc.dc/gsym_dc.dc/count_reg[5]/CLR, ethernet_test_inst/arbi_inst/rx_buffer_inst/rx_fifo/U0/inst_fifo_gen/gconvfifo.rf/grf.rf/gntv_or_sync_fifo.gl0.rd/grss.gdc.dc/gsym_dc.dc/count_reg[6]/CLR, ethernet_test_inst/arbi_inst/rx_buffer_inst/rx_fifo/U0/inst_fifo_gen/gconvfifo.rf/grf.rf/gntv_or_sync_fifo.gl0.rd/grss.gdc.dc/gsym_dc.dc/count_reg[7]/CLR, ethernet_test_inst/arbi_inst/rx_buffer_inst/rx_fifo/U0/inst_fifo_gen/gconvfifo.rf/grf.rf/gntv_or_sync_fifo.gl0.rd/grss.gdc.dc/gsym_dc.dc/count_reg[8]/CLR, ethernet_test_inst/arbi_inst/rx_buffer_inst/rx_fifo/U0/inst_fifo_gen/gconvfifo.rf/grf.rf/gntv_or_sync_fifo.gl0.rd/grss.gdc.dc/gsym_dc.dc/count_reg[9]/CLR, ethernet_test_inst/arbi_inst/rx_buffer_inst/rx_fifo/U0/inst_fifo_gen/gconvfifo.rf/grf.rf/gntv_or_sync_fifo.gl0.rd/grss.rsts/ram_empty_fb_i_reg/PRE, ethernet_test_inst/arbi_inst/rx_buffer_inst/rx_fifo/U0/inst_fifo_gen/gconvfifo.rf/grf.rf/gntv_or_sync_fifo.gl0.rd/grss.rsts/ram_empty_i_reg/PRE, ethernet_test_inst/arbi_inst/rx_buffer_inst/rx_fifo/U0/inst_fifo_gen/gconvfifo.rf/grf.rf/gntv_or_sync_fifo.gl0.rd/rpntr/gc0.count_d1_reg[0]/CLR (the first 15 of 62 listed). The LUT may glitch and trigger an unexpected reset, even if it is a properly timed path.
Related violations: <none>

LUTAR-1#2 Warning
LUT drives async reset alert  
LUT cell ethernet_test_inst/arbi_inst/rx_buffer_inst/rx_len_fifo/U0/inst_fifo_gen/gconvfifo.rf/grf.rf/rstblk/DEVICE_7SERIES.NO_BMM_INFO.SDP.WIDE_PRIM18.ram_i_3, with 2 or more inputs, drives asynchronous preset/clear pin(s) ethernet_test_inst/arbi_inst/rx_buffer_inst/rx_len_fifo/U0/inst_fifo_gen/gconvfifo.rf/grf.rf/gntv_or_sync_fifo.gl0.rd/grss.gdc.dc/gsym_dc.dc/count_reg[0]/CLR, ethernet_test_inst/arbi_inst/rx_buffer_inst/rx_len_fifo/U0/inst_fifo_gen/gconvfifo.rf/grf.rf/gntv_or_sync_fifo.gl0.rd/grss.gdc.dc/gsym_dc.dc/count_reg[1]/CLR, ethernet_test_inst/arbi_inst/rx_buffer_inst/rx_len_fifo/U0/inst_fifo_gen/gconvfifo.rf/grf.rf/gntv_or_sync_fifo.gl0.rd/grss.gdc.dc/gsym_dc.dc/count_reg[2]/CLR, ethernet_test_inst/arbi_inst/rx_buffer_inst/rx_len_fifo/U0/inst_fifo_gen/gconvfifo.rf/grf.rf/gntv_or_sync_fifo.gl0.rd/grss.gdc.dc/gsym_dc.dc/count_reg[3]/CLR, ethernet_test_inst/arbi_inst/rx_buffer_inst/rx_len_fifo/U0/inst_fifo_gen/gconvfifo.rf/grf.rf/gntv_or_sync_fifo.gl0.rd/grss.gdc.dc/gsym_dc.dc/count_reg[4]/CLR, ethernet_test_inst/arbi_inst/rx_buffer_inst/rx_len_fifo/U0/inst_fifo_gen/gconvfifo.rf/grf.rf/gntv_or_sync_fifo.gl0.rd/grss.rsts/ram_empty_fb_i_reg/PRE, ethernet_test_inst/arbi_inst/rx_buffer_inst/rx_len_fifo/U0/inst_fifo_gen/gconvfifo.rf/grf.rf/gntv_or_sync_fifo.gl0.rd/grss.rsts/ram_empty_i_reg/PRE, ethernet_test_inst/arbi_inst/rx_buffer_inst/rx_len_fifo/U0/inst_fifo_gen/gconvfifo.rf/grf.rf/gntv_or_sync_fifo.gl0.rd/rpntr/gc0.count_d1_reg[0]/CLR, ethernet_test_inst/arbi_inst/rx_buffer_inst/rx_len_fifo/U0/inst_fifo_gen/gconvfifo.rf/grf.rf/gntv_or_sync_fifo.gl0.rd/rpntr/gc0.count_d1_reg[1]/CLR, ethernet_test_inst/arbi_inst/rx_buffer_inst/rx_len_fifo/U0/inst_fifo_gen/gconvfifo.rf/grf.rf/gntv_or_sync_fifo.gl0.rd/rpntr/gc0.count_d1_reg[2]/CLR, ethernet_test_inst/arbi_inst/rx_buffer_inst/rx_len_fifo/U0/inst_fifo_gen/gconvfifo.rf/grf.rf/gntv_or_sync_fifo.gl0.rd/rpntr/gc0.count_d1_reg[3]/CLR, ethernet_test_inst/arbi_inst/rx_buffer_inst/rx_len_fifo/U0/inst_fifo_gen/gconvfifo.rf/grf.rf/gntv_or_sync_fifo.gl0.rd/rpntr/gc0.count_d1_reg[4]/CLR, ethernet_test_inst/arbi_inst/rx_buffer_inst/rx_len_fifo/U0/inst_fifo_gen/gconvfifo.rf/grf.rf/gntv_or_sync_fifo.gl0.rd/rpntr/gc0.count_reg[1]/CLR, ethernet_test_inst/arbi_inst/rx_buffer_inst/rx_len_fifo/U0/inst_fifo_gen/gconvfifo.rf/grf.rf/gntv_or_sync_fifo.gl0.rd/rpntr/gc0.count_reg[2]/CLR, ethernet_test_inst/arbi_inst/rx_buffer_inst/rx_len_fifo/U0/inst_fifo_gen/gconvfifo.rf/grf.rf/gntv_or_sync_fifo.gl0.rd/rpntr/gc0.count_reg[3]/CLR (the first 15 of 27 listed). The LUT may glitch and trigger an unexpected reset, even if it is a properly timed path.
Related violations: <none>

LUTAR-1#3 Warning
LUT drives async reset alert  
LUT cell ethernet_test_inst/arbi_inst/send_state[5]_i_2, with 2 or more inputs, drives asynchronous preset/clear pin(s) ethernet_test_inst/mac_test0/almost_full_d0_reg/CLR, ethernet_test_inst/mac_test0/almost_full_d1_reg/CLR, ethernet_test_inst/mac_test0/gmii_rx_dv_d0_reg/CLR, ethernet_test_inst/mac_test0/gmii_rxd_d0_reg[0]/CLR, ethernet_test_inst/mac_test0/gmii_rxd_d0_reg[1]/CLR, ethernet_test_inst/mac_test0/gmii_rxd_d0_reg[2]/CLR, ethernet_test_inst/mac_test0/gmii_rxd_d0_reg[3]/CLR, ethernet_test_inst/mac_test0/gmii_rxd_d0_reg[4]/CLR, ethernet_test_inst/mac_test0/gmii_rxd_d0_reg[5]/CLR, ethernet_test_inst/mac_test0/gmii_rxd_d0_reg[6]/CLR, ethernet_test_inst/mac_test0/gmii_rxd_d0_reg[7]/CLR, ethernet_test_inst/mac_test0/gmii_tx_en_reg/CLR, ethernet_test_inst/mac_test0/gmii_txd_reg[0]/CLR, ethernet_test_inst/mac_test0/gmii_txd_reg[1]/CLR, ethernet_test_inst/mac_test0/gmii_txd_reg[2]/CLR (the first 15 of 2740 listed). The LUT may glitch and trigger an unexpected reset, even if it is a properly timed path.
Related violations: <none>

LUTAR-1#4 Warning
LUT drives async reset alert  
LUT cell ethernet_test_inst/arbi_inst/tx_buffer_inst/tx_fifo/U0/inst_fifo_gen/gconvfifo.rf/grf.rf/rstblk/DEVICE_7SERIES.NO_BMM_INFO.SDP.SIMPLE_PRIM36.ram_i_3, with 2 or more inputs, drives asynchronous preset/clear pin(s) ethernet_test_inst/arbi_inst/tx_buffer_inst/tx_fifo/U0/inst_fifo_gen/gconvfifo.rf/grf.rf/gntv_or_sync_fifo.gl0.rd/grss.gdc.dc/gsym_dc.dc/count_reg[0]/CLR, ethernet_test_inst/arbi_inst/tx_buffer_inst/tx_fifo/U0/inst_fifo_gen/gconvfifo.rf/grf.rf/gntv_or_sync_fifo.gl0.rd/grss.gdc.dc/gsym_dc.dc/count_reg[10]/CLR, ethernet_test_inst/arbi_inst/tx_buffer_inst/tx_fifo/U0/inst_fifo_gen/gconvfifo.rf/grf.rf/gntv_or_sync_fifo.gl0.rd/grss.gdc.dc/gsym_dc.dc/count_reg[11]/CLR, ethernet_test_inst/arbi_inst/tx_buffer_inst/tx_fifo/U0/inst_fifo_gen/gconvfifo.rf/grf.rf/gntv_or_sync_fifo.gl0.rd/grss.gdc.dc/gsym_dc.dc/count_reg[1]/CLR, ethernet_test_inst/arbi_inst/tx_buffer_inst/tx_fifo/U0/inst_fifo_gen/gconvfifo.rf/grf.rf/gntv_or_sync_fifo.gl0.rd/grss.gdc.dc/gsym_dc.dc/count_reg[2]/CLR, ethernet_test_inst/arbi_inst/tx_buffer_inst/tx_fifo/U0/inst_fifo_gen/gconvfifo.rf/grf.rf/gntv_or_sync_fifo.gl0.rd/grss.gdc.dc/gsym_dc.dc/count_reg[3]/CLR, ethernet_test_inst/arbi_inst/tx_buffer_inst/tx_fifo/U0/inst_fifo_gen/gconvfifo.rf/grf.rf/gntv_or_sync_fifo.gl0.rd/grss.gdc.dc/gsym_dc.dc/count_reg[4]/CLR, ethernet_test_inst/arbi_inst/tx_buffer_inst/tx_fifo/U0/inst_fifo_gen/gconvfifo.rf/grf.rf/gntv_or_sync_fifo.gl0.rd/grss.gdc.dc/gsym_dc.dc/count_reg[5]/CLR, ethernet_test_inst/arbi_inst/tx_buffer_inst/tx_fifo/U0/inst_fifo_gen/gconvfifo.rf/grf.rf/gntv_or_sync_fifo.gl0.rd/grss.gdc.dc/gsym_dc.dc/count_reg[6]/CLR, ethernet_test_inst/arbi_inst/tx_buffer_inst/tx_fifo/U0/inst_fifo_gen/gconvfifo.rf/grf.rf/gntv_or_sync_fifo.gl0.rd/grss.gdc.dc/gsym_dc.dc/count_reg[7]/CLR, ethernet_test_inst/arbi_inst/tx_buffer_inst/tx_fifo/U0/inst_fifo_gen/gconvfifo.rf/grf.rf/gntv_or_sync_fifo.gl0.rd/grss.gdc.dc/gsym_dc.dc/count_reg[8]/CLR, ethernet_test_inst/arbi_inst/tx_buffer_inst/tx_fifo/U0/inst_fifo_gen/gconvfifo.rf/grf.rf/gntv_or_sync_fifo.gl0.rd/grss.gdc.dc/gsym_dc.dc/count_reg[9]/CLR, ethernet_test_inst/arbi_inst/tx_buffer_inst/tx_fifo/U0/inst_fifo_gen/gconvfifo.rf/grf.rf/gntv_or_sync_fifo.gl0.rd/grss.rsts/ram_empty_fb_i_reg/PRE, ethernet_test_inst/arbi_inst/tx_buffer_inst/tx_fifo/U0/inst_fifo_gen/gconvfifo.rf/grf.rf/gntv_or_sync_fifo.gl0.rd/grss.rsts/ram_empty_i_reg/PRE, ethernet_test_inst/arbi_inst/tx_buffer_inst/tx_fifo/U0/inst_fifo_gen/gconvfifo.rf/grf.rf/gntv_or_sync_fifo.gl0.rd/rpntr/gc0.count_d1_reg[0]/CLR (the first 15 of 62 listed). The LUT may glitch and trigger an unexpected reset, even if it is a properly timed path.
Related violations: <none>

LUTAR-1#5 Warning
LUT drives async reset alert  
LUT cell ethernet_test_inst/arbi_inst/tx_buffer_inst/tx_len_fifo/U0/inst_fifo_gen/gconvfifo.rf/grf.rf/rstblk/DEVICE_7SERIES.NO_BMM_INFO.SDP.WIDE_PRIM18.ram_i_3, with 2 or more inputs, drives asynchronous preset/clear pin(s) ethernet_test_inst/arbi_inst/tx_buffer_inst/tx_len_fifo/U0/inst_fifo_gen/gconvfifo.rf/grf.rf/gntv_or_sync_fifo.gl0.rd/grss.gdc.dc/gsym_dc.dc/count_reg[0]/CLR, ethernet_test_inst/arbi_inst/tx_buffer_inst/tx_len_fifo/U0/inst_fifo_gen/gconvfifo.rf/grf.rf/gntv_or_sync_fifo.gl0.rd/grss.gdc.dc/gsym_dc.dc/count_reg[1]/CLR, ethernet_test_inst/arbi_inst/tx_buffer_inst/tx_len_fifo/U0/inst_fifo_gen/gconvfifo.rf/grf.rf/gntv_or_sync_fifo.gl0.rd/grss.gdc.dc/gsym_dc.dc/count_reg[2]/CLR, ethernet_test_inst/arbi_inst/tx_buffer_inst/tx_len_fifo/U0/inst_fifo_gen/gconvfifo.rf/grf.rf/gntv_or_sync_fifo.gl0.rd/grss.gdc.dc/gsym_dc.dc/count_reg[3]/CLR, ethernet_test_inst/arbi_inst/tx_buffer_inst/tx_len_fifo/U0/inst_fifo_gen/gconvfifo.rf/grf.rf/gntv_or_sync_fifo.gl0.rd/grss.gdc.dc/gsym_dc.dc/count_reg[4]/CLR, ethernet_test_inst/arbi_inst/tx_buffer_inst/tx_len_fifo/U0/inst_fifo_gen/gconvfifo.rf/grf.rf/gntv_or_sync_fifo.gl0.rd/grss.rsts/ram_empty_fb_i_reg/PRE, ethernet_test_inst/arbi_inst/tx_buffer_inst/tx_len_fifo/U0/inst_fifo_gen/gconvfifo.rf/grf.rf/gntv_or_sync_fifo.gl0.rd/grss.rsts/ram_empty_i_reg/PRE, ethernet_test_inst/arbi_inst/tx_buffer_inst/tx_len_fifo/U0/inst_fifo_gen/gconvfifo.rf/grf.rf/gntv_or_sync_fifo.gl0.rd/rpntr/gc0.count_d1_reg[0]/CLR, ethernet_test_inst/arbi_inst/tx_buffer_inst/tx_len_fifo/U0/inst_fifo_gen/gconvfifo.rf/grf.rf/gntv_or_sync_fifo.gl0.rd/rpntr/gc0.count_d1_reg[1]/CLR, ethernet_test_inst/arbi_inst/tx_buffer_inst/tx_len_fifo/U0/inst_fifo_gen/gconvfifo.rf/grf.rf/gntv_or_sync_fifo.gl0.rd/rpntr/gc0.count_d1_reg[2]/CLR, ethernet_test_inst/arbi_inst/tx_buffer_inst/tx_len_fifo/U0/inst_fifo_gen/gconvfifo.rf/grf.rf/gntv_or_sync_fifo.gl0.rd/rpntr/gc0.count_d1_reg[3]/CLR, ethernet_test_inst/arbi_inst/tx_buffer_inst/tx_len_fifo/U0/inst_fifo_gen/gconvfifo.rf/grf.rf/gntv_or_sync_fifo.gl0.rd/rpntr/gc0.count_d1_reg[4]/CLR, ethernet_test_inst/arbi_inst/tx_buffer_inst/tx_len_fifo/U0/inst_fifo_gen/gconvfifo.rf/grf.rf/gntv_or_sync_fifo.gl0.rd/rpntr/gc0.count_reg[1]/CLR, ethernet_test_inst/arbi_inst/tx_buffer_inst/tx_len_fifo/U0/inst_fifo_gen/gconvfifo.rf/grf.rf/gntv_or_sync_fifo.gl0.rd/rpntr/gc0.count_reg[2]/CLR, ethernet_test_inst/arbi_inst/tx_buffer_inst/tx_len_fifo/U0/inst_fifo_gen/gconvfifo.rf/grf.rf/gntv_or_sync_fifo.gl0.rd/rpntr/gc0.count_reg[3]/CLR (the first 15 of 27 listed). The LUT may glitch and trigger an unexpected reset, even if it is a properly timed path.
Related violations: <none>

TIMING-18#1 Warning
Missing input or output delay  
An input delay is missing on G_RESET relative to clock(s) RGMII_RXC
Related violations: <none>

TIMING-18#2 Warning
Missing input or output delay  
An input delay is missing on RGMII_RXD[0] relative to clock(s) RGMII_RXC
Related violations: <none>

TIMING-18#3 Warning
Missing input or output delay  
An input delay is missing on RGMII_RXD[1] relative to clock(s) RGMII_RXC
Related violations: <none>

TIMING-18#4 Warning
Missing input or output delay  
An input delay is missing on RGMII_RXD[2] relative to clock(s) RGMII_RXC
Related violations: <none>

TIMING-18#5 Warning
Missing input or output delay  
An input delay is missing on RGMII_RXD[3] relative to clock(s) RGMII_RXC
Related violations: <none>

TIMING-18#6 Warning
Missing input or output delay  
An input delay is missing on RGMII_RX_CTL relative to clock(s) RGMII_RXC
Related violations: <none>

TIMING-18#7 Warning
Missing input or output delay  
An output delay is missing on RGMII_TXC relative to clock(s) RGMII_RXC
Related violations: <none>

TIMING-18#8 Warning
Missing input or output delay  
An output delay is missing on RGMII_TXD[0] relative to clock(s) RGMII_RXC
Related violations: <none>

TIMING-18#9 Warning
Missing input or output delay  
An output delay is missing on RGMII_TXD[1] relative to clock(s) RGMII_RXC
Related violations: <none>

TIMING-18#10 Warning
Missing input or output delay  
An output delay is missing on RGMII_TXD[2] relative to clock(s) RGMII_RXC
Related violations: <none>

TIMING-18#11 Warning
Missing input or output delay  
An output delay is missing on RGMII_TXD[3] relative to clock(s) RGMII_RXC
Related violations: <none>

TIMING-18#12 Warning
Missing input or output delay  
An output delay is missing on RGMII_TX_CTL relative to clock(s) RGMII_RXC
Related violations: <none>

TIMING-20#1 Warning
Non-clocked latch  
The latch ethernet_test_inst/smi_config_inst/smi_inst/mdio_en_reg cannot be properly analyzed as its control pin ethernet_test_inst/smi_config_inst/smi_inst/mdio_en_reg/G is not reached by a timing clock
Related violations: <none>

XDCC-2#1 Warning
Scoped Non-Timing constraint/property overwritten  
A new XDC property IOSTANDARD on CLK_SYSTEM_P overrides a previous scoped property. It is not recommended to override a scoped (typically an IP) property and could result in unexpected behaviours.
New Source: D:/OneDrive - HKUST Connect/Lab/OFDM_FPGA_VLC_Implementation/Receiver/cons/io.xdc (Line: 7)
Previous Source: d:/OneDrive - HKUST Connect/Lab/OFDM_FPGA_VLC_Implementation/Receiver/prj/receiver_prj/receiver_prj.srcs/sources_1/ip/clk_gen/clk_gen_board.xdc (Line: 3)
Related violations: <none>


